<!DOCTYPE html PUBLIC "-//W3C//DTD XHTML 1.1//EN" "https://www.w3.org/TR/xhtml11/DTD/xhtml11.dtd">
<html xmlns="https://www.w3.org/1999/xhtml">
<head>
<meta http-equiv="content-type" content="text/html; charset=UTF-8"/>
<title>TestNG Report</title>
<style type="text/css">table {margin-bottom:10px;border-collapse:collapse;empty-cells:show}th,td {border:1px solid #009;padding:.25em .5em}th {vertical-align:bottom}td {vertical-align:top}table a {font-weight:bold}.stripe td {background-color: #E6EBF9}.num {text-align:right}.passedodd td {background-color: #3F3}.passedeven td {background-color: #0A0}.skippedodd td {background-color: #DDD}.skippedeven td {background-color: #CCC}.failedodd td,.attn {background-color: #F33}.failedeven td,.stripe .attn {background-color: #D00}.stacktrace {white-space:pre;font-family:monospace}.totop {font-size:85%;text-align:center;border-bottom:2px solid #000}.invisible {display:none}</style>
</head>
<body>
<table>
<tr><th>Test</th><th># Passed</th><th># Skipped</th><th># Retried</th><th># Failed</th><th>Time (ms)</th><th>Included Groups</th><th>Excluded Groups</th></tr>
<tr><th colspan="8">LambaTestSuite</th></tr>
<tr><td><a href="#t0">MACTEST</a></td><td class="num">2</td><td class="num">0</td><td class="num">0</td><td class="num attn">1</td><td class="num">33,377</td><td></td><td></td></tr>
<tr class="stripe"><td><a href="#t1">Microsoft Edge</a></td><td class="num">1</td><td class="num">0</td><td class="num">0</td><td class="num attn">2</td><td class="num">186,117</td><td></td><td></td></tr>
<tr><td><a href="#t2">InternetExplorer</a></td><td class="num">3</td><td class="num">0</td><td class="num">0</td><td class="num">0</td><td class="num">241,382</td><td></td><td></td></tr>
<tr class="stripe"><td><a href="#t3">FireFox</a></td><td class="num">3</td><td class="num">0</td><td class="num">0</td><td class="num">0</td><td class="num">268,819</td><td></td><td></td></tr>
<tr><td><a href="#t4">Chrome</a></td><td class="num">2</td><td class="num">0</td><td class="num">0</td><td class="num attn">1</td><td class="num">285,655</td><td></td><td></td></tr>
<tr><th>Total</th><th class="num">11</th><th class="num">0</th><th class="num">0</th><th class="num attn">4</th><th class="num">1,015,350</th><th colspan="2"></th></tr>
</table>
<table id='summary'><thead><tr><th>Class</th><th>Method</th><th>Start</th><th>Time (ms)</th></tr></thead><tbody><tr><th colspan="4">LambaTestSuite</th></tr></tbody><tbody id="t0"><tr><th colspan="4">MACTEST &#8212; failed</th></tr><tr class="failedeven"><td rowspan="1">lambdaTestPlayground.TestScenario1</td><td><a href="#m0">scenario1</a></td><td rowspan="1">1735391633863</td><td rowspan="1">592</td></tr><tr><th colspan="4">MACTEST &#8212; passed</th></tr><tr class="passedeven"><td rowspan="1">lambdaTestPlayground.TestScenario2</td><td><a href="#m1">scenario2</a></td><td rowspan="1">1735391642583</td><td rowspan="1">1445</td></tr><tr class="passedodd"><td rowspan="1">lambdaTestPlayground.TestScenario3</td><td><a href="#m2">scenario3</a></td><td rowspan="1">1735391652906</td><td rowspan="1">3408</td></tr></tbody>
<tbody id="t1"><tr><th colspan="4">Microsoft Edge &#8212; failed</th></tr><tr class="failedeven"><td rowspan="1">lambdaTestPlayground.TestScenario1</td><td><a href="#m3">scenario1</a></td><td rowspan="1">1735391634341</td><td rowspan="1">196</td></tr><tr class="failedodd"><td rowspan="1">lambdaTestPlayground.TestScenario3</td><td><a href="#m4">scenario3</a></td><td rowspan="1">1735391765748</td><td rowspan="1">43214</td></tr><tr><th colspan="4">Microsoft Edge &#8212; passed</th></tr><tr class="passedeven"><td rowspan="1">lambdaTestPlayground.TestScenario2</td><td><a href="#m5">scenario2</a></td><td rowspan="1">1735391665480</td><td rowspan="1">5878</td></tr></tbody>
<tbody id="t2"><tr><th colspan="4">InternetExplorer &#8212; passed</th></tr><tr class="passedeven"><td rowspan="1">lambdaTestPlayground.TestScenario1</td><td><a href="#m6">scenario1</a></td><td rowspan="1">1735391734601</td><td rowspan="1">4275</td></tr><tr class="passedodd"><td rowspan="1">lambdaTestPlayground.TestScenario2</td><td><a href="#m7">scenario2</a></td><td rowspan="1">1735391825190</td><td rowspan="1">2843</td></tr><tr class="passedeven"><td rowspan="1">lambdaTestPlayground.TestScenario3</td><td><a href="#m8">scenario3</a></td><td rowspan="1">1735391853809</td><td rowspan="1">10550</td></tr></tbody>
<tbody id="t3"><tr><th colspan="4">FireFox &#8212; passed</th></tr><tr class="passedeven"><td rowspan="1">lambdaTestPlayground.TestScenario1</td><td><a href="#m9">scenario1</a></td><td rowspan="1">1735391708259</td><td rowspan="1">8530</td></tr><tr class="passedodd"><td rowspan="1">lambdaTestPlayground.TestScenario2</td><td><a href="#m10">scenario2</a></td><td rowspan="1">1735391837023</td><td rowspan="1">7202</td></tr><tr class="passedeven"><td rowspan="1">lambdaTestPlayground.TestScenario3</td><td><a href="#m11">scenario3</a></td><td rowspan="1">1735391876788</td><td rowspan="1">13317</td></tr></tbody>
<tbody id="t4"><tr><th colspan="4">Chrome &#8212; failed</th></tr><tr class="failedeven"><td rowspan="1">lambdaTestPlayground.TestScenario2</td><td><a href="#m12">scenario2</a></td><td rowspan="1">1735391778097</td><td rowspan="1">30937</td></tr><tr><th colspan="4">Chrome &#8212; passed</th></tr><tr class="passedeven"><td rowspan="1">lambdaTestPlayground.TestScenario1</td><td><a href="#m13">scenario1</a></td><td rowspan="1">1735391754372</td><td rowspan="1">2266</td></tr><tr class="passedodd"><td rowspan="1">lambdaTestPlayground.TestScenario3</td><td><a href="#m14">scenario3</a></td><td rowspan="1">1735391903347</td><td rowspan="1">5218</td></tr></tbody>
</table>
<h2>MACTEST</h2><h3 id="m0">lambdaTestPlayground.TestScenario1#scenario1</h3><table class="result"><tr><th>Exception</th></tr><tr><td><div class="stacktrace">org.openqa.selenium.StaleElementReferenceException: stale element reference: stale element not found
  (Session info: MicrosoftEdge=127.0.2651.74)
For documentation on this error, please visit: https://www.selenium.dev/documentation/webdriver/troubleshooting/errors#stale-element-reference-exception
Build info: version: &apos;4.13.0&apos;, revision: &apos;ba948ece5b*&apos;
System info: os.name: &apos;Windows 11&apos;, os.arch: &apos;amd64&apos;, os.version: &apos;10.0&apos;, java.version: &apos;17.0.11&apos;
Driver info: org.openqa.selenium.remote.RemoteWebDriver
Command: [d6795b295fa6858ac28920894097b52f, executeScript {script=arguments[0].scrollIntoView(true);, args=[{element-6066-11e4-a52e-4f735466cecf=f.1B3A7961D32E5154CC10F83AE58D08CE.d.A2B0EFDBB5D29271F52FC9D9A8D530C3.e.82}]}]
Capabilities {acceptInsecureCerts: false, browserName: MicrosoftEdge, browserVersion: 127.0.2651.74, fedcm:accounts: true, ms:edgeOptions: {debuggerAddress: localhost:50403}, msedge: {msedgedriverVersion: 127.0.2651.74 (dbf5b0aa014c..., userDataDir: /var/folders/d_/5qrcqy5d22b...}, networkConnectionEnabled: false, pageLoadStrategy: normal, platformName: mac, proxy: Proxy(), setWindowRect: true, strictFileInteractability: false, timeouts: {implicit: 0, pageLoad: 300000, script: 30000}, unhandledPromptBehavior: dismiss and notify, webauthn:extension:credBlob: true, webauthn:extension:largeBlob: true, webauthn:extension:minPinLength: true, webauthn:extension:prf: true, webauthn:virtualAuthenticators: true}
Session ID: d6795b295fa6858ac28920894097b52f
	at org.openqa.selenium.remote.codec.w3c.W3CHttpResponseCodec.createException(W3CHttpResponseCodec.java:200)
	at org.openqa.selenium.remote.codec.w3c.W3CHttpResponseCodec.decode(W3CHttpResponseCodec.java:133)
	at org.openqa.selenium.remote.codec.w3c.W3CHttpResponseCodec.decode(W3CHttpResponseCodec.java:52)
	at org.openqa.selenium.remote.HttpCommandExecutor.execute(HttpCommandExecutor.java:191)
	at org.openqa.selenium.remote.TracedCommandExecutor.execute(TracedCommandExecutor.java:51)
	at org.openqa.selenium.remote.RemoteWebDriver.execute(RemoteWebDriver.java:602)
	at org.openqa.selenium.remote.RemoteWebDriver.executeScript(RemoteWebDriver.java:467)
	at lambdaTestPlayground.TestScenario1.scenario1(TestScenario1.java:21)
	at java.base/java.util.ArrayList.forEach(ArrayList.java:1511)
	at java.base/java.util.concurrent.FutureTask.run(FutureTask.java:264)
	at java.base/java.util.concurrent.ThreadPoolExecutor.runWorker(ThreadPoolExecutor.java:1136)
	at java.base/java.util.concurrent.ThreadPoolExecutor$Worker.run(ThreadPoolExecutor.java:635)
	at java.base/java.lang.Thread.run(Thread.java:840)
... Removed 22 stack frames</div></td></tr></table><p class="totop"><a href="#summary">back to summary</a></p>
<h3 id="m1">lambdaTestPlayground.TestScenario2#scenario2</h3><table class="result"><tr><th class="invisible"/></tr></table><p class="totop"><a href="#summary">back to summary</a></p>
<h3 id="m2">lambdaTestPlayground.TestScenario3#scenario3</h3><table class="result"><tr><th class="invisible"/></tr></table><p class="totop"><a href="#summary">back to summary</a></p>
<h2>Microsoft Edge</h2><h3 id="m3">lambdaTestPlayground.TestScenario1#scenario1</h3><table class="result"><tr><th>Exception</th></tr><tr><td><div class="stacktrace">org.openqa.selenium.WebDriverException: Unable to find the session info for particular sessionId d6795b295fa6858ac28920894097b52f, maybe session has quit already or timed out.
Build info: version: &apos;4.13.0&apos;, revision: &apos;ba948ece5b*&apos;
System info: os.name: &apos;Windows 11&apos;, os.arch: &apos;amd64&apos;, os.version: &apos;10.0&apos;, java.version: &apos;17.0.11&apos;
Driver info: org.openqa.selenium.remote.RemoteWebDriver
Command: [d6795b295fa6858ac28920894097b52f, executeScript {script=arguments[0].scrollIntoView(true);, args=[{element-6066-11e4-a52e-4f735466cecf=f.1B3A7961D32E5154CC10F83AE58D08CE.d.405855FCBEFAB4A7FF086324577F90E2.e.99}]}]
Capabilities {acceptInsecureCerts: false, browserName: MicrosoftEdge, browserVersion: 127.0.2651.74, fedcm:accounts: true, ms:edgeOptions: {debuggerAddress: localhost:50403}, msedge: {msedgedriverVersion: 127.0.2651.74 (dbf5b0aa014c..., userDataDir: /var/folders/d_/5qrcqy5d22b...}, networkConnectionEnabled: false, pageLoadStrategy: normal, platformName: mac, proxy: Proxy(), setWindowRect: true, strictFileInteractability: false, timeouts: {implicit: 0, pageLoad: 300000, script: 30000}, unhandledPromptBehavior: dismiss and notify, webauthn:extension:credBlob: true, webauthn:extension:largeBlob: true, webauthn:extension:minPinLength: true, webauthn:extension:prf: true, webauthn:virtualAuthenticators: true}
Session ID: d6795b295fa6858ac28920894097b52f
	at org.openqa.selenium.remote.codec.w3c.W3CHttpResponseCodec.createException(W3CHttpResponseCodec.java:200)
	at org.openqa.selenium.remote.codec.w3c.W3CHttpResponseCodec.decode(W3CHttpResponseCodec.java:133)
	at org.openqa.selenium.remote.codec.w3c.W3CHttpResponseCodec.decode(W3CHttpResponseCodec.java:52)
	at org.openqa.selenium.remote.HttpCommandExecutor.execute(HttpCommandExecutor.java:191)
	at org.openqa.selenium.remote.TracedCommandExecutor.execute(TracedCommandExecutor.java:51)
	at org.openqa.selenium.remote.RemoteWebDriver.execute(RemoteWebDriver.java:602)
	at org.openqa.selenium.remote.RemoteWebDriver.executeScript(RemoteWebDriver.java:467)
	at lambdaTestPlayground.TestScenario1.scenario1(TestScenario1.java:21)
	at java.base/java.util.ArrayList.forEach(ArrayList.java:1511)
	at java.base/java.util.concurrent.FutureTask.run(FutureTask.java:264)
	at java.base/java.util.concurrent.ThreadPoolExecutor.runWorker(ThreadPoolExecutor.java:1136)
	at java.base/java.util.concurrent.ThreadPoolExecutor$Worker.run(ThreadPoolExecutor.java:635)
	at java.base/java.lang.Thread.run(Thread.java:840)
... Removed 22 stack frames</div></td></tr></table><p class="totop"><a href="#summary">back to summary</a></p>
<h3 id="m4">lambdaTestPlayground.TestScenario3#scenario3</h3><table class="result"><tr><th>Exception</th></tr><tr><td><div class="stacktrace">org.openqa.selenium.NoSuchElementException: no such element: Unable to locate element: {&quot;method&quot;:&quot;css selector&quot;,&quot;selector&quot;:&quot;#inputAddress1&quot;}
  (Session info: chrome=128.0.6613.85)
For documentation on this error, please visit: https://www.selenium.dev/documentation/webdriver/troubleshooting/errors#no-such-element-exception
Build info: version: &apos;4.13.0&apos;, revision: &apos;ba948ece5b*&apos;
System info: os.name: &apos;Windows 11&apos;, os.arch: &apos;amd64&apos;, os.version: &apos;10.0&apos;, java.version: &apos;17.0.11&apos;
Driver info: org.openqa.selenium.remote.RemoteWebDriver
Command: [518474d59df3e8354262211db57cf074, findElement {using=id, value=inputAddress1}]
Capabilities {acceptInsecureCerts: false, browserName: chrome, browserVersion: 128.0.6613.85, chrome: {chromedriverVersion: 128.0.6613.18 (7d504c2c60ba..., userDataDir: C:\Program Files (x86)\scop...}, fedcm:accounts: true, goog:chromeOptions: {debuggerAddress: localhost:9225}, networkConnectionEnabled: false, pageLoadStrategy: normal, platformName: windows, proxy: Proxy(), setWindowRect: true, strictFileInteractability: false, timeouts: {implicit: 0, pageLoad: 300000, script: 30000}, unhandledPromptBehavior: dismiss and notify, webauthn:extension:credBlob: true, webauthn:extension:largeBlob: true, webauthn:extension:minPinLength: true, webauthn:extension:prf: true, webauthn:virtualAuthenticators: true}
Session ID: 518474d59df3e8354262211db57cf074
	at org.openqa.selenium.remote.codec.w3c.W3CHttpResponseCodec.createException(W3CHttpResponseCodec.java:200)
	at org.openqa.selenium.remote.codec.w3c.W3CHttpResponseCodec.decode(W3CHttpResponseCodec.java:133)
	at org.openqa.selenium.remote.codec.w3c.W3CHttpResponseCodec.decode(W3CHttpResponseCodec.java:52)
	at org.openqa.selenium.remote.HttpCommandExecutor.execute(HttpCommandExecutor.java:191)
	at org.openqa.selenium.remote.TracedCommandExecutor.execute(TracedCommandExecutor.java:51)
	at org.openqa.selenium.remote.RemoteWebDriver.execute(RemoteWebDriver.java:602)
	at org.openqa.selenium.remote.ElementLocation$ElementFinder$2.findElement(ElementLocation.java:165)
	at org.openqa.selenium.remote.ElementLocation.findElement(ElementLocation.java:66)
	at org.openqa.selenium.remote.RemoteWebDriver.findElement(RemoteWebDriver.java:359)
	at org.openqa.selenium.remote.RemoteWebDriver.findElement(RemoteWebDriver.java:353)
	at lambdaTestPlayground.TestScenario3.scenario3(TestScenario3.java:49)
	at java.base/java.util.ArrayList.forEach(ArrayList.java:1511)
	at java.base/java.util.concurrent.FutureTask.run(FutureTask.java:264)
	at java.base/java.util.concurrent.ThreadPoolExecutor.runWorker(ThreadPoolExecutor.java:1136)
	at java.base/java.util.concurrent.ThreadPoolExecutor$Worker.run(ThreadPoolExecutor.java:635)
	at java.base/java.lang.Thread.run(Thread.java:840)
... Removed 22 stack frames</div></td></tr></table><p class="totop"><a href="#summary">back to summary</a></p>
<h3 id="m5">lambdaTestPlayground.TestScenario2#scenario2</h3><table class="result"><tr><th class="invisible"/></tr></table><p class="totop"><a href="#summary">back to summary</a></p>
<h2>InternetExplorer</h2><h3 id="m6">lambdaTestPlayground.TestScenario1#scenario1</h3><table class="result"><tr><th class="invisible"/></tr></table><p class="totop"><a href="#summary">back to summary</a></p>
<h3 id="m7">lambdaTestPlayground.TestScenario2#scenario2</h3><table class="result"><tr><th class="invisible"/></tr></table><p class="totop"><a href="#summary">back to summary</a></p>
<h3 id="m8">lambdaTestPlayground.TestScenario3#scenario3</h3><table class="result"><tr><th class="invisible"/></tr></table><p class="totop"><a href="#summary">back to summary</a></p>
<h2>FireFox</h2><h3 id="m9">lambdaTestPlayground.TestScenario1#scenario1</h3><table class="result"><tr><th class="invisible"/></tr></table><p class="totop"><a href="#summary">back to summary</a></p>
<h3 id="m10">lambdaTestPlayground.TestScenario2#scenario2</h3><table class="result"><tr><th class="invisible"/></tr></table><p class="totop"><a href="#summary">back to summary</a></p>
<h3 id="m11">lambdaTestPlayground.TestScenario3#scenario3</h3><table class="result"><tr><th class="invisible"/></tr></table><p class="totop"><a href="#summary">back to summary</a></p>
<h2>Chrome</h2><h3 id="m12">lambdaTestPlayground.TestScenario2#scenario2</h3><table class="result"><tr><th>Exception</th></tr><tr><td><div class="stacktrace">org.openqa.selenium.WebDriverException: Unable to find the session info for particular sessionId 518474d59df3e8354262211db57cf074, maybe session has quit already or timed out.
Build info: version: &apos;4.13.0&apos;, revision: &apos;ba948ece5b*&apos;
System info: os.name: &apos;Windows 11&apos;, os.arch: &apos;amd64&apos;, os.version: &apos;10.0&apos;, java.version: &apos;17.0.11&apos;
Driver info: org.openqa.selenium.remote.RemoteWebDriver
Command: [518474d59df3e8354262211db57cf074, clickElement {id=f.85B48D02475076D840E008ED14F8A6BC.d.5F220FD05B01329373A41E8E661AE0B2.e.62}]
Capabilities {acceptInsecureCerts: false, browserName: chrome, browserVersion: 128.0.6613.85, chrome: {chromedriverVersion: 128.0.6613.18 (7d504c2c60ba..., userDataDir: C:\Program Files (x86)\scop...}, fedcm:accounts: true, goog:chromeOptions: {debuggerAddress: localhost:9225}, networkConnectionEnabled: false, pageLoadStrategy: normal, platformName: windows, proxy: Proxy(), setWindowRect: true, strictFileInteractability: false, timeouts: {implicit: 0, pageLoad: 300000, script: 30000}, unhandledPromptBehavior: dismiss and notify, webauthn:extension:credBlob: true, webauthn:extension:largeBlob: true, webauthn:extension:minPinLength: true, webauthn:extension:prf: true, webauthn:virtualAuthenticators: true}
Element: [[RemoteWebDriver: chrome on windows (518474d59df3e8354262211db57cf074)] -&gt; link text: Drag &amp; Drop Sliders]
Session ID: 518474d59df3e8354262211db57cf074
	at org.openqa.selenium.remote.codec.w3c.W3CHttpResponseCodec.createException(W3CHttpResponseCodec.java:200)
	at org.openqa.selenium.remote.codec.w3c.W3CHttpResponseCodec.decode(W3CHttpResponseCodec.java:133)
	at org.openqa.selenium.remote.codec.w3c.W3CHttpResponseCodec.decode(W3CHttpResponseCodec.java:52)
	at org.openqa.selenium.remote.HttpCommandExecutor.execute(HttpCommandExecutor.java:191)
	at org.openqa.selenium.remote.TracedCommandExecutor.execute(TracedCommandExecutor.java:51)
	at org.openqa.selenium.remote.RemoteWebDriver.execute(RemoteWebDriver.java:602)
	at org.openqa.selenium.remote.RemoteWebElement.execute(RemoteWebElement.java:224)
	at org.openqa.selenium.remote.RemoteWebElement.click(RemoteWebElement.java:77)
	at lambdaTestPlayground.TestScenario2.scenario2(TestScenario2.java:20)
	at java.base/java.util.ArrayList.forEach(ArrayList.java:1511)
	at java.base/java.util.concurrent.FutureTask.run(FutureTask.java:264)
	at java.base/java.util.concurrent.ThreadPoolExecutor.runWorker(ThreadPoolExecutor.java:1136)
	at java.base/java.util.concurrent.ThreadPoolExecutor$Worker.run(ThreadPoolExecutor.java:635)
	at java.base/java.lang.Thread.run(Thread.java:840)
... Removed 22 stack frames</div></td></tr></table><p class="totop"><a href="#summary">back to summary</a></p>
<h3 id="m13">lambdaTestPlayground.TestScenario1#scenario1</h3><table class="result"><tr><th class="invisible"/></tr></table><p class="totop"><a href="#summary">back to summary</a></p>
<h3 id="m14">lambdaTestPlayground.TestScenario3#scenario3</h3><table class="result"><tr><th class="invisible"/></tr></table><p class="totop"><a href="#summary">back to summary</a></p>
</body>
</html>
